0 info it worked if it ends with ok
1 verbose cli [ 'C:\\Program Files\\nodejs\\node.exe',
1 verbose cli   'C:\\Program Files\\nodejs\\node_modules\\npm\\bin\\npm-cli.js',
1 verbose cli   'start' ]
2 info using npm@3.7.3
3 info using node@v5.9.1
4 verbose run-script [ 'prestart', 'start', 'poststart' ]
5 info lifecycle mobweb3@1.0.0~prestart: mobweb3@1.0.0
6 silly lifecycle mobweb3@1.0.0~prestart: no script for prestart, continuing
7 info lifecycle mobweb3@1.0.0~start: mobweb3@1.0.0
8 verbose lifecycle mobweb3@1.0.0~start: unsafe-perm in lifecycle true
9 verbose lifecycle mobweb3@1.0.0~start: PATH: C:\Program Files\nodejs\node_modules\npm\bin\node-gyp-bin;C:\Users\Thomas\Documents\kth\Mobilutveckling\mobweb3\node_modules\.bin;C:\Program Files\nodejs;C:\Users\Thomas\AppData\Local\GitHub\PortableGit_d76a6a98c9315931ec4927243517bc09e9b731a0\cmd;C:\Users\Thomas\AppData\Local\GitHub\PortableGit_d76a6a98c9315931ec4927243517bc09e9b731a0\usr\bin;C:\Users\Thomas\AppData\Local\GitHub\PortableGit_d76a6a98c9315931ec4927243517bc09e9b731a0\usr\share\git-tfs;C:\Users\Thomas\AppData\Local\Apps\2.0\XTGA1ANY.615\5VMX9BDT.34M\gith..tion_317444273a93ac29_0003.0001_cbe40ecbe3e419d4;C:\Users\Thomas\AppData\Local\GitHub\lfs-amd64_1.2.0;C:\Program Files\Common Files\Microsoft Shared\Windows Live;C:\Program Files (x86)\Common Files\Microsoft Shared\Windows Live;C:\ProgramData\Oracle\Java\javapath;C:\Windows\system32;C:\Windows;C:\Windows\System32\Wbem;C:\Windows\System32\WindowsPowerShell\v1.0\;C:\Program Files (x86)\NVIDIA Corporation\PhysX\Common;C:\Program Files (x86)\Skype\Phone\;C:\Program Files (x86)\GtkSharp\2.12\bin;C:\Program Files (x86)\Windows Live\Shared;C:\Program Files\nodejs\;C:\Users\Thomas\AppData\Roaming\npm;C:\Program Files (x86)\MSBuild\14.0\bin\;C:\Program Files (x86)\Microsoft SDKs\Windows\v8.1A\bin\NETFX 4.5.1 Tools\x64
10 verbose lifecycle mobweb3@1.0.0~start: CWD: C:\Users\Thomas\Documents\kth\Mobilutveckling\mobweb3
11 silly lifecycle mobweb3@1.0.0~start: Args: [ '/d /s /c', 'http-server app/ -a 0.0.0.0 -p 8000' ]
12 silly lifecycle mobweb3@1.0.0~start: Returned: code: 1  signal: null
13 info lifecycle mobweb3@1.0.0~start: Failed to exec start script
14 verbose stack Error: mobweb3@1.0.0 start: `http-server app/ -a 0.0.0.0 -p 8000`
14 verbose stack Exit status 1
14 verbose stack     at EventEmitter.<anonymous> (C:\Program Files\nodejs\node_modules\npm\lib\utils\lifecycle.js:239:16)
14 verbose stack     at emitTwo (events.js:100:13)
14 verbose stack     at EventEmitter.emit (events.js:185:7)
14 verbose stack     at ChildProcess.<anonymous> (C:\Program Files\nodejs\node_modules\npm\lib\utils\spawn.js:24:14)
14 verbose stack     at emitTwo (events.js:100:13)
14 verbose stack     at ChildProcess.emit (events.js:185:7)
14 verbose stack     at maybeClose (internal/child_process.js:850:16)
14 verbose stack     at Process.ChildProcess._handle.onexit (internal/child_process.js:215:5)
15 verbose pkgid mobweb3@1.0.0
16 verbose cwd C:\Users\Thomas\Documents\kth\Mobilutveckling\mobweb3
17 error Windows_NT 6.1.7601
18 error argv "C:\\Program Files\\nodejs\\node.exe" "C:\\Program Files\\nodejs\\node_modules\\npm\\bin\\npm-cli.js" "start"
19 error node v5.9.1
20 error npm  v3.7.3
21 error code ELIFECYCLE
22 error mobweb3@1.0.0 start: `http-server app/ -a 0.0.0.0 -p 8000`
22 error Exit status 1
23 error Failed at the mobweb3@1.0.0 start script 'http-server app/ -a 0.0.0.0 -p 8000'.
23 error Make sure you have the latest version of node.js and npm installed.
23 error If you do, this is most likely a problem with the mobweb3 package,
23 error not with npm itself.
23 error Tell the author that this fails on your system:
23 error     http-server app/ -a 0.0.0.0 -p 8000
23 error You can get information on how to open an issue for this project with:
23 error     npm bugs mobweb3
23 error Or if that isn't available, you can get their info via:
23 error     npm owner ls mobweb3
23 error There is likely additional logging output above.
24 verbose exit [ 1, true ]
