0 info it worked if it ends with ok
1 verbose cli [ 'C:\\Program Files\\nodejs\\node.exe',
1 verbose cli   'C:\\Program Files\\nodejs\\node_modules\\npm\\bin\\npm-cli.js',
1 verbose cli   'start' ]
2 info using npm@3.7.3
3 info using node@v5.9.1
4 verbose run-script [ 'prestart', 'start', 'poststart' ]
5 info lifecycle geochat@1.0.0~prestart: geochat@1.0.0
6 verbose lifecycle geochat@1.0.0~prestart: unsafe-perm in lifecycle true
7 verbose lifecycle geochat@1.0.0~prestart: PATH: C:\Program Files\nodejs\node_modules\npm\bin\node-gyp-bin;C:\Users\Thomas\Documents\KTH\Mobilutveckling\mobweb3\app\node_modules\.bin;C:\Program Files\nodejs;C:\Users\Thomas\AppData\Local\GitHub\PortableGit_d76a6a98c9315931ec4927243517bc09e9b731a0\cmd;C:\Users\Thomas\AppData\Local\GitHub\PortableGit_d76a6a98c9315931ec4927243517bc09e9b731a0\usr\bin;C:\Users\Thomas\AppData\Local\GitHub\PortableGit_d76a6a98c9315931ec4927243517bc09e9b731a0\usr\share\git-tfs;C:\Users\Thomas\AppData\Local\Apps\2.0\XTGA1ANY.615\5VMX9BDT.34M\gith..tion_317444273a93ac29_0003.0001_cbe40ecbe3e419d4;C:\Users\Thomas\AppData\Local\GitHub\lfs-amd64_1.2.0;C:\Users\Thomas\AppData\Local\Apps\2.0\XTGA1ANY.615\5VMX9BDT.34M\gith..tion_317444273a93ac29_0003.0001_cbe40ecbe3e419d4\NativeBinaries\x86;C:\Program Files\Common Files\Microsoft Shared\Windows Live;C:\Program Files (x86)\Common Files\Microsoft Shared\Windows Live;C:\ProgramData\Oracle\Java\javapath;C:\Windows\system32;C:\Windows;C:\Windows\System32\Wbem;C:\Windows\System32\WindowsPowerShell\v1.0\;C:\Program Files (x86)\NVIDIA Corporation\PhysX\Common;C:\Program Files (x86)\Skype\Phone\;C:\Program Files (x86)\GtkSharp\2.12\bin;C:\Program Files (x86)\Windows Live\Shared;C:\Program Files\nodejs\;C:\Users\Thomas\AppData\Roaming\npm;C:\Program Files (x86)\MSBuild\14.0\bin\;C:\Program Files (x86)\Microsoft SDKs\Windows\v8.1A\bin\NETFX 4.5.1 Tools\x64
8 verbose lifecycle geochat@1.0.0~prestart: CWD: C:\Users\Thomas\Documents\KTH\Mobilutveckling\mobweb3\app
9 silly lifecycle geochat@1.0.0~prestart: Args: [ '/d /s /c', 'npm install' ]
10 silly lifecycle geochat@1.0.0~prestart: Returned: code: 1  signal: null
11 info lifecycle geochat@1.0.0~prestart: Failed to exec prestart script
12 verbose stack Error: geochat@1.0.0 prestart: `npm install`
12 verbose stack Exit status 1
12 verbose stack     at EventEmitter.<anonymous> (C:\Program Files\nodejs\node_modules\npm\lib\utils\lifecycle.js:239:16)
12 verbose stack     at emitTwo (events.js:100:13)
12 verbose stack     at EventEmitter.emit (events.js:185:7)
12 verbose stack     at ChildProcess.<anonymous> (C:\Program Files\nodejs\node_modules\npm\lib\utils\spawn.js:24:14)
12 verbose stack     at emitTwo (events.js:100:13)
12 verbose stack     at ChildProcess.emit (events.js:185:7)
12 verbose stack     at maybeClose (internal/child_process.js:850:16)
12 verbose stack     at Process.ChildProcess._handle.onexit (internal/child_process.js:215:5)
13 verbose pkgid geochat@1.0.0
14 verbose cwd C:\Users\Thomas\Documents\KTH\Mobilutveckling\mobweb3\app
15 error Windows_NT 6.1.7601
16 error argv "C:\\Program Files\\nodejs\\node.exe" "C:\\Program Files\\nodejs\\node_modules\\npm\\bin\\npm-cli.js" "start"
17 error node v5.9.1
18 error npm  v3.7.3
19 error code ELIFECYCLE
20 error geochat@1.0.0 prestart: `npm install`
20 error Exit status 1
21 error Failed at the geochat@1.0.0 prestart script 'npm install'.
21 error Make sure you have the latest version of node.js and npm installed.
21 error If you do, this is most likely a problem with the geochat package,
21 error not with npm itself.
21 error Tell the author that this fails on your system:
21 error     npm install
21 error You can get information on how to open an issue for this project with:
21 error     npm bugs geochat
21 error Or if that isn't available, you can get their info via:
21 error     npm owner ls geochat
21 error There is likely additional logging output above.
22 verbose exit [ 1, true ]
